<?xml version="1.0" encoding="UTF-8"?>
<!-- Generated by org.testng.reporters.JUnitReportReporter -->
<testsuite hostname="IBM-PF3PCD0C" failures="0" tests="4" name="testCases.Test1" time="4.044" errors="0" timestamp="2024-07-16T00:06:25 IST" skipped="2">
  <testcase classname="testCases.Test1" name="testCase3" time="1.646"/>
  <system-out/>
  <testcase classname="testCases.Test1" name="testCase3" time="2.398"/>
  <system-out/>
  <testcase classname="testCases.Test1" name="testCase1">
    <skipped/>
  </testcase> <!-- testCase1 -->
  <system-out/>
  <testcase classname="testCases.Test1" name="testCase1">
    <skipped/>
  </testcase> <!-- testCase1 -->
  <system-out/>
</testsuite> <!-- testCases.Test1 -->
