<?xml version="1.0" encoding="UTF-8"?>
<!-- Generated by org.testng.reporters.JUnitReportReporter -->
<testsuite hostname="IBM-PF3PCD0C" failures="0" tests="4" name="testCases.Test1" time="4.658" errors="0" timestamp="2024-07-17T12:03:45 IST" skipped="2">
  <testcase classname="testCases.Test1" name="testCase3" time="2.791"/>
  <testcase classname="testCases.Test1" name="testCase3" time="1.867"/>
  <testcase classname="testCases.Test1" name="testCase1">
    <skipped/>
  </testcase> <!-- testCase1 -->
  <testcase classname="testCases.Test1" name="testCase1">
    <skipped/>
  </testcase> <!-- testCase1 -->
</testsuite> <!-- testCases.Test1 -->
